<?xml version="1.0" encoding="UTF-8"?>
<!-- Generated by org.testng.reporters.JUnitReportReporter -->
<testsuite name="TestItems" tests="10" time="0.480" ignored="0" failures="0" timestamp="11 апр 2020 18:13:52 GMT" skipped="0" hostname="DESKTOP-FA26077" errors="0">
  <testcase name="TestAddItemsToTheBag" time="0.013" classname="TestItems"/>
  <testcase name="mistakesStoreOperationItems" time="0.011" classname="TestItems"/>
  <testcase name="addContainerToContainer" time="0.012" classname="TestItems"/>
  <testcase name="mistakesWeightOperationItems" time="0.011" classname="TestItems"/>
  <testcase name="testCreateContainerItems" time="0.004" classname="TestItems"/>
  <testcase name="TestAddThisBagToTheBox" time="0.013" classname="TestItems"/>
  <testcase name="testCreateItems" time="0.005" classname="TestItems"/>
  <testcase name="TestAddItemsToTheBox" time="0.006" classname="TestItems"/>
  <testcase name="TestAddBagInStack" time="0.402" classname="TestItems"/>
  <testcase name="TestAddItemsToTheStack" time="0.003" classname="TestItems"/>
</testsuite> <!-- TestItems -->
