<?xml version="1.0" encoding="UTF-8"?>
<!-- Generated by org.testng.reporters.JUnitReportReporter -->
<testsuite name="TestItems" tests="10" time="0.502" ignored="0" failures="0" timestamp="08 апр 2020 19:12:18 GMT" skipped="0" hostname="DESKTOP-FA26077" errors="0">
  <testcase name="TestAddItemsToTheBag" time="0.010" classname="TestItems"/>
  <testcase name="addContainerToContainer" time="0.007" classname="TestItems"/>
  <testcase name="TestAddItemsToTheStack" time="0.008" classname="TestItems"/>
  <testcase name="mistakesStoreOperationItems" time="0.007" classname="TestItems"/>
  <testcase name="TestAddItemsToTheBox" time="0.016" classname="TestItems"/>
  <testcase name="testCreateItems" time="0.010" classname="TestItems"/>
  <testcase name="testCreateContainerItems" time="0.007" classname="TestItems"/>
  <testcase name="mistakesWeightOperationItems" time="0.007" classname="TestItems"/>
  <testcase name="TestAddBagInStack" time="0.420" classname="TestItems"/>
  <testcase name="TestAddThisBagToTheBox" time="0.010" classname="TestItems"/>
</testsuite> <!-- TestItems -->
